<?xml version="1.0" encoding="UTF-8"?>
<!-- Generated by org.testng.reporters.JUnitReportReporter -->
<testsuite hostname="DESKTOP-U9U34FQ" failures="0" tests="1" name="webinteraction.testcases.testcaseOne" time="5.136" errors="0" timestamp="2023-07-12T19:04:29 PDT" skipped="0">
  <testcase classname="webinteraction.testcases.testcaseOne" name="loginTest" time="5.136"/>
  <system-out/>
</testsuite> <!-- webinteraction.testcases.testcaseOne -->
