<?xml version="1.0" encoding="UTF-8"?>
<!-- Generated by org.testng.reporters.JUnitReportReporter -->
<testsuite hostname="DESKTOP-U9U34FQ" failures="0" tests="1" name="workdayinterview.LoginTest" time="5.545" errors="0" timestamp="2023-06-14T22:20:17 PDT" skipped="0">
  <testcase classname="workdayinterview.LoginTest" name="loginTest" time="5.545"/>
  <system-out/>
</testsuite> <!-- workdayinterview.LoginTest -->
