<?xml version="1.0" encoding="UTF-8"?>
<!-- Generated by org.testng.reporters.JUnitReportReporter -->
<testsuite hostname="DESKTOP-U9U34FQ" failures="0" tests="1" name="interviewActual.TestOne" time="21.855" errors="0" timestamp="2023-06-15T16:37:03 PDT" skipped="0">
  <testcase classname="interviewActual.TestOne" name="testcase1" time="21.855"/>
  <system-out/>
</testsuite> <!-- interviewActual.TestOne -->
