<?xml version="1.0" encoding="UTF-8"?>
<!-- Generated by org.testng.reporters.JUnitReportReporter -->
<testsuite hostname="DESKTOP-U9U34FQ" failures="0" tests="1" name="workdayinterview.practice.loginPage" time="0.010" errors="0" timestamp="2023-06-14T21:22:51 PDT" skipped="0">
  <testcase classname="workdayinterview.practice.loginPage" name="readFile" time="0.010"/>
  <system-out/>
</testsuite> <!-- workdayinterview.practice.loginPage -->
